<?xml version="1.0" encoding="UTF-8"?>
<!-- Generated by org.testng.reporters.JUnitReportReporter -->
<testsuite hostname="IN04153" failures="0" tests="3" name="Page.UserLogin" time="16.252" errors="0" timestamp="2022-11-18T23:11:13 IST" skipped="0">
  <testcase classname="Page.UserLogin" name="login" time="5.644"/>
  <system-out/>
  <testcase classname="Page.UserLogin" name="login" time="4.636"/>
  <system-out/>
  <testcase classname="Page.UserLogin" name="login" time="5.972"/>
  <system-out/>
</testsuite> <!-- Page.UserLogin -->
