<?xml version="1.0" encoding="UTF-8"?>
<!-- Generated by org.testng.reporters.JUnitReportReporter -->
<testsuite hostname="IN04153" failures="0" tests="2" name="Page.TakeSceenshot" time="8.131" errors="0" timestamp="2022-11-17T22:34:33 IST" skipped="0">
  <testcase classname="Page.TakeSceenshot" name="login" time="3.411"/>
  <system-out/>
  <testcase classname="Page.TakeSceenshot" name="logout" time="4.720"/>
  <system-out/>
</testsuite> <!-- Page.TakeSceenshot -->
