<?xml version="1.0" encoding="UTF-8"?>
<!-- Generated by org.testng.reporters.JUnitReportReporter -->
<testsuite hostname="IN04153" failures="0" tests="1" name="Page.Propertyfile" time="6.850" errors="0" timestamp="2022-11-18T01:29:46 IST" skipped="0">
  <testcase classname="Page.Propertyfile" name="configReader" time="6.850"/>
  <system-out/>
</testsuite> <!-- Page.Propertyfile -->
